<?xml version="1.0" encoding="UTF-8"?>
<testsuite name="com.kodilla.stream.array.ArrayOperationsTestSuite" tests="1" skipped="0" failures="0" errors="0" timestamp="2019-10-29T16:29:01" hostname="LAPTOP-209R817N" time="0.01">
  <properties/>
  <testcase name="testGetAverage" classname="com.kodilla.stream.array.ArrayOperationsTestSuite" time="0.01"/>
  <system-out><![CDATA[Average: 3.2
]]></system-out>
  <system-err><![CDATA[]]></system-err>
</testsuite>
