<?xml version="1.0" encoding="UTF-8"?>
<testsuite name="com.kodilla.stream.portfolio.BoardTestSuite" tests="1" skipped="0" failures="0" errors="0" timestamp="2019-10-29T15:40:57" hostname="LAPTOP-209R817N" time="0.025">
  <properties/>
  <testcase name="testAddTaskListAverageWorkingOnTask" classname="com.kodilla.stream.portfolio.BoardTestSuite" time="0.025"/>
  <system-out><![CDATA[-7
]]></system-out>
  <system-err><![CDATA[]]></system-err>
</testsuite>
