<?xml version="1.0" encoding="UTF-8"?>
<testsuite name="com.kodilla.spring.portfolio.BoardTestSuite" tests="1" skipped="0" failures="0" errors="0" timestamp="2019-11-26T18:03:45" hostname="RJ-LAPTOP" time="0.008">
  <properties/>
  <testcase name="testTaskAdd" classname="com.kodilla.spring.portfolio.BoardTestSuite" time="0.008"/>
  <system-out><![CDATA[[To do]
[In progress]
[Done]
]]></system-out>
  <system-err><![CDATA[]]></system-err>
</testsuite>
