<?xml version="1.0" encoding="UTF-8"?>
<testsuite name="com.kodilla.testing.forum.tdd.ForumTestSuite" tests="8" skipped="0" failures="0" errors="0" timestamp="2019-11-26T18:17:05" hostname="RJ-LAPTOP" time="0.004">
  <properties/>
  <testcase name="testAddPost" classname="com.kodilla.testing.forum.tdd.ForumTestSuite" time="0.001"/>
  <testcase name="testGetPost" classname="com.kodilla.testing.forum.tdd.ForumTestSuite" time="0.0"/>
  <testcase name="testRemoveCommentNotExisting" classname="com.kodilla.testing.forum.tdd.ForumTestSuite" time="0.001"/>
  <testcase name="testRemoveComment" classname="com.kodilla.testing.forum.tdd.ForumTestSuite" time="0.0"/>
  <testcase name="testRemovePost" classname="com.kodilla.testing.forum.tdd.ForumTestSuite" time="0.0"/>
  <testcase name="testRemovePostNonExisting" classname="com.kodilla.testing.forum.tdd.ForumTestSuite" time="0.001"/>
  <testcase name="testGetComment" classname="com.kodilla.testing.forum.tdd.ForumTestSuite" time="0.0"/>
  <testcase name="testAddComment" classname="com.kodilla.testing.forum.tdd.ForumTestSuite" time="0.0"/>
  <system-out><![CDATA[This is the beginning of tests.
Preparing to excute test #1
Preparing to excute test #2
Preparing to excute test #3
Preparing to excute test #4
Preparing to excute test #5
Preparing to excute test #6
Preparing to excute test #7
Preparing to excute test #8
All tests are finished.
]]></system-out>
  <system-err><![CDATA[]]></system-err>
</testsuite>
