<?xml version="1.0" encoding="UTF-8"?>
<testsuite name="com.kodilla.testing.collection.CollectionTestSuite" tests="2" skipped="0" failures="0" errors="0" timestamp="2019-12-01T21:16:35" hostname="RJ-LAPTOP" time="0.003">
  <properties/>
  <testcase name="testOddNumbersExterminatorEmptyList" classname="com.kodilla.testing.collection.CollectionTestSuite" time="0.002"/>
  <testcase name="testOddNumbersExterminatorNormalList" classname="com.kodilla.testing.collection.CollectionTestSuite" time="0.0"/>
  <system-out><![CDATA[Test suite begin
Test case begin
Test OddNumbersExterminator EmptyList
Test case end
Test case begin
Test OddNumberExterminator Normal List
Test case end
Test suite end
]]></system-out>
  <system-err><![CDATA[]]></system-err>
</testsuite>
