<?xml version="1.0" encoding="UTF-8"?>
<testsuite name="com.kodilla.testing.collection.CollectionTestSuite" tests="2" skipped="0" failures="0" errors="0" timestamp="2019-11-26T18:17:05" hostname="RJ-LAPTOP" time="0.003">
  <properties/>
  <testcase name="testOddNumbersExterminatorEmptyList" classname="com.kodilla.testing.collection.CollectionTestSuite" time="0.002"/>
  <testcase name="testOddNumbersExterminatorNormalList" classname="com.kodilla.testing.collection.CollectionTestSuite" time="0.0"/>
  <system-out><![CDATA[Test suite beginTest case begin
Gdy lista jest pusta
Test case end
Test case begin
Gdy lista posiada liczby parzyste i nieparzyste
Test case end
Test suite end
]]></system-out>
  <system-err><![CDATA[]]></system-err>
</testsuite>
