<?xml version="1.0" encoding="UTF-8"?>
<testsuite name="com.kodilla.patterns.factory.tasks.TaskFactoryTestSuite" tests="3" skipped="0" failures="0" errors="0" timestamp="2019-12-09T20:19:04" hostname="RJ-LAPTOP" time="0.006">
  <properties/>
  <testcase name="testShoppingTask" classname="com.kodilla.patterns.factory.tasks.TaskFactoryTestSuite" time="0.004"/>
  <testcase name="testDrivingTask" classname="com.kodilla.patterns.factory.tasks.TaskFactoryTestSuite" time="0.001"/>
  <testcase name="testPaintingTask" classname="com.kodilla.patterns.factory.tasks.TaskFactoryTestSuite" time="0.0"/>
  <system-out><![CDATA[

Executing Shopping
Buying 2.0 of Milk
Task has been executed already!


Executing task Driving
Driving to: City
Using: Car
Task has been executed already!


Executing task: Painting
Painting wall with color white
Task has been executed already!
]]></system-out>
  <system-err><![CDATA[]]></system-err>
</testsuite>
