<?xml version="1.0" encoding="UTF-8"?>
<testsuite name="com.kodilla.patterns.prototype.library.LibraryTestSuite" tests="1" skipped="0" failures="0" errors="0" timestamp="2019-12-09T16:13:30" hostname="RJ-LAPTOP" time="0.008">
  <properties/>
  <testcase name="testGetBooks" classname="com.kodilla.patterns.prototype.library.LibraryTestSuite" time="0.008"/>
  <system-out><![CDATA[Library: J.K. Rowling Library
      Book{title='Harry Potter and the Order of the Phoenix', author='J.K. Rowling', publicationDate=2003-06-21}
      Book{title='Harry Potter and the Half-Blood Prince', author='J.K. Rowling', publicationDate=2005-07-16}
      Book{title='Harry Potter and the Chamber of Secrets', author='J.K. Rowling', publicationDate=1998-07-02}
      Book{title='Harry Potter and the Goblet of Fire', author='J.K. Rowling', publicationDate=2000-07-08}
      Book{title='Harry Potter and the Prisoner of Azkaban', author='J.K. Rowling', publicationDate=1999-07-08}
      Book{title='Harry Potter and the Philosopherâ€™s Stone', author='J.K. Rowling', publicationDate=1997-04-10}
      Book{title='Harry Potter and the Deathly Hallows', author='J.K. Rowling', publicationDate=2007-07-21}

Library: Shallow Copy
      Book{title='Harry Potter and the Order of the Phoenix', author='J.K. Rowling', publicationDate=2003-06-21}
      Book{title='Harry Potter and the Half-Blood Prince', author='J.K. Rowling', publicationDate=2005-07-16}
      Book{title='Harry Potter and the Chamber of Secrets', author='J.K. Rowling', publicationDate=1998-07-02}
      Book{title='Harry Potter and the Goblet of Fire', author='J.K. Rowling', publicationDate=2000-07-08}
      Book{title='Harry Potter and the Prisoner of Azkaban', author='J.K. Rowling', publicationDate=1999-07-08}
      Book{title='Harry Potter and the Philosopherâ€™s Stone', author='J.K. Rowling', publicationDate=1997-04-10}
      Book{title='Harry Potter and the Deathly Hallows', author='J.K. Rowling', publicationDate=2007-07-21}

Library: Deep Copy
      Book{title='Harry Potter and the Order of the Phoenix', author='J.K. Rowling', publicationDate=2003-06-21}
      Book{title='Harry Potter and the Half-Blood Prince', author='J.K. Rowling', publicationDate=2005-07-16}
      Book{title='Harry Potter and the Goblet of Fire', author='J.K. Rowling', publicationDate=2000-07-08}
      Book{title='Harry Potter and the Prisoner of Azkaban', author='J.K. Rowling', publicationDate=1999-07-08}
      Book{title='Harry Potter and the Deathly Hallows', author='J.K. Rowling', publicationDate=2007-07-21}

]]></system-out>
  <system-err><![CDATA[]]></system-err>
</testsuite>
