<?xml version="1.0" encoding="UTF-8"?>
<testsuite name="com.kodilla.patterns.strategy.social.UserTestSuite" tests="2" skipped="0" failures="0" errors="0" timestamp="2019-12-09T17:29:42" hostname="RJ-LAPTOP" time="0.006">
  <properties/>
  <testcase name="testIndividualSharingStrategies" classname="com.kodilla.patterns.strategy.social.UserTestSuite" time="0.004"/>
  <testcase name="testDefaultSharingStrategies" classname="com.kodilla.patterns.strategy.social.UserTestSuite" time="0.001"/>
  <system-out><![CDATA[Joey Twitter
Monica Snapchat
Rachel Facebook
Pheobe Twitter
]]></system-out>
  <system-err><![CDATA[]]></system-err>
</testsuite>
