<?xml version="1.0" encoding="UTF-8"?>
<testsuite name="com.kodilla.patterns.singleton.LoggerTestSuite" tests="1" skipped="0" failures="0" errors="0" timestamp="2019-12-09T00:52:43" hostname="RJ-LAPTOP" time="0.004">
  <properties/>
  <testcase name="getLastLog" classname="com.kodilla.patterns.singleton.LoggerTestSuite" time="0.004"/>
  <system-out><![CDATA[Log: [log1]
]]></system-out>
  <system-err><![CDATA[]]></system-err>
</testsuite>
