<?xml version="1.0" encoding="UTF-8"?>
<testsuite name="com.kodilla.jdbc.DbManagerTestSuite" tests="1" skipped="0" failures="0" errors="0" timestamp="2019-11-25T19:52:48" hostname="RJ-LAPTOP" time="0.187">
  <properties/>
  <testcase name="testSelectUsersAndPosts" classname="com.kodilla.jdbc.DbManagerTestSuite" time="0.187"/>
  <system-out><![CDATA[Zachary, Lee, 2
]]></system-out>
  <system-err><![CDATA[]]></system-err>
</testsuite>
